<?xml version="1.0" encoding="UTF-8" ?>
<testsuite tests="20" failures="0" name="com.tdd.tddkata.kata.tddroverkata.RoverTest" time="0.014" errors="0" skipped="0">
  <properties>
    <property name="java.runtime.name" value="Java(TM) SE Runtime Environment"/>
    <property name="sun.boot.library.path" value="C:\Program Files (x86)\Java\jdk1.8.0_181\jre\bin"/>
    <property name="java.vm.version" value="25.181-b13"/>
    <property name="java.vm.vendor" value="Oracle Corporation"/>
    <property name="maven.multiModuleProjectDirectory" value="C:\reji\SIQSession\workspace"/>
    <property name="java.vendor.url" value="http://java.oracle.com/"/>
    <property name="path.separator" value=";"/>
    <property name="guice.disable.misplaced.annotation.check" value="true"/>
    <property name="java.vm.name" value="Java HotSpot(TM) Client VM"/>
    <property name="file.encoding.pkg" value="sun.io"/>
    <property name="user.script" value=""/>
    <property name="user.country" value="US"/>
    <property name="sun.java.launcher" value="SUN_STANDARD"/>
    <property name="sun.os.patch.level" value=""/>
    <property name="java.vm.specification.name" value="Java Virtual Machine Specification"/>
    <property name="user.dir" value="C:\reji\SIQSession\workspace"/>
    <property name="java.runtime.version" value="1.8.0_181-b13"/>
    <property name="java.awt.graphicsenv" value="sun.awt.Win32GraphicsEnvironment"/>
    <property name="java.endorsed.dirs" value="C:\Program Files (x86)\Java\jdk1.8.0_181\jre\lib\endorsed"/>
    <property name="os.arch" value="x86"/>
    <property name="java.io.tmpdir" value="C:\WINDOWS\TEMP\"/>
    <property name="line.separator" value="
"/>
    <property name="java.vm.specification.vendor" value="Oracle Corporation"/>
    <property name="user.variant" value=""/>
    <property name="os.name" value="Windows 10"/>
    <property name="classworlds.conf" value="C:\reji\SIQSession\software\apache-maven-3.3.9\bin\m2.conf"/>
    <property name="sun.jnu.encoding" value="Cp1252"/>
    <property name="java.library.path" value="C:\Program Files (x86)\Java\jdk1.8.0_181\bin;C:\WINDOWS\Sun\Java\bin;C:\WINDOWS\system32;C:\WINDOWS;C:\reji\SIQSession\software\apache-maven-3.3.9/bin;C:\Program Files (x86)\Java\jdk1.8.0_181/bin;C:\Program Files (x86)\Java\jdk1.8.0_181/bin;C:\Program Files (x86)\Common Files\Oracle\Java\javapath;C:\oraclexe\app\oracle\product\11.2.0\server\bin;C:\ProgramData\Oracle\Java\javapath;C:\WINDOWS\system32;C:\WINDOWS;C:\WINDOWS\System32\Wbem;C:\WINDOWS\System32\WindowsPowerShell\v1.0\;C:\reji\SIQSession\software\apache-maven-3.3.9\bin;C:\Program Files\TortoiseSVN\bin;C:\reji\Nokia\softwares\tomcat\apache-tomcat-8.0.26\bin;C:\Program Files\Git\cmd;C:\Program Files\Git\mingw64\bin;C:\Program Files\Git\usr\bin;C:\Program Files\dotnet\;&quot;C:\Program Files\Java\jdk1.8.0_77\bin;&quot;;C:\reji\SIQSession\sonar-scanner-cli-3.2.0.1227-windows\sonar-scanner-3.2.0.1227-windows\bin;C:\Program Files\nodejs\;C:\WINDOWS\system32\config\systemprofile\AppData\Local\Microsoft\WindowsApps;."/>
    <property name="java.specification.name" value="Java Platform API Specification"/>
    <property name="java.class.version" value="52.0"/>
    <property name="sun.management.compiler" value="HotSpot Client Compiler"/>
    <property name="os.version" value="10.0"/>
    <property name="user.home" value="C:\WINDOWS\system32\config\systemprofile"/>
    <property name="user.timezone" value="Asia/Calcutta"/>
    <property name="java.awt.printerjob" value="sun.awt.windows.WPrinterJob"/>
    <property name="java.specification.version" value="1.8"/>
    <property name="file.encoding" value="Cp1252"/>
    <property name="user.name" value="CDC2-L-5264F5Q$"/>
    <property name="java.class.path" value="C:\reji\SIQSession\software\apache-maven-3.3.9\boot\plexus-classworlds-2.5.2.jar"/>
    <property name="java.vm.specification.version" value="1.8"/>
    <property name="sun.arch.data.model" value="32"/>
    <property name="java.home" value="C:\Program Files (x86)\Java\jdk1.8.0_181\jre"/>
    <property name="sun.java.command" value="org.codehaus.plexus.classworlds.launcher.Launcher -f tddroverkata\pom.xml verify"/>
    <property name="java.specification.vendor" value="Oracle Corporation"/>
    <property name="user.language" value="en"/>
    <property name="awt.toolkit" value="sun.awt.windows.WToolkit"/>
    <property name="java.vm.info" value="mixed mode, sharing"/>
    <property name="java.version" value="1.8.0_181"/>
    <property name="java.ext.dirs" value="C:\Program Files (x86)\Java\jdk1.8.0_181\jre\lib\ext;C:\WINDOWS\Sun\Java\lib\ext"/>
    <property name="sun.boot.class.path" value="C:\Program Files (x86)\Java\jdk1.8.0_181\jre\lib\resources.jar;C:\Program Files (x86)\Java\jdk1.8.0_181\jre\lib\rt.jar;C:\Program Files (x86)\Java\jdk1.8.0_181\jre\lib\sunrsasign.jar;C:\Program Files (x86)\Java\jdk1.8.0_181\jre\lib\jsse.jar;C:\Program Files (x86)\Java\jdk1.8.0_181\jre\lib\jce.jar;C:\Program Files (x86)\Java\jdk1.8.0_181\jre\lib\charsets.jar;C:\Program Files (x86)\Java\jdk1.8.0_181\jre\lib\jfr.jar;C:\Program Files (x86)\Java\jdk1.8.0_181\jre\classes"/>
    <property name="java.vendor" value="Oracle Corporation"/>
    <property name="maven.home" value="C:\reji\SIQSession\software\apache-maven-3.3.9"/>
    <property name="file.separator" value="\"/>
    <property name="java.vendor.url.bug" value="http://bugreport.sun.com/bugreport/"/>
    <property name="sun.cpu.endian" value="little"/>
    <property name="sun.io.unicode.encoding" value="UnicodeLittle"/>
    <property name="sun.desktop" value="windows"/>
    <property name="sun.cpu.isalist" value=""/>
  </properties>
  <testcase classname="com.tdd.tddkata.kata.tddroverkata.RoverTest" name="[0] RM, 1:0:E (move_right)" time="0.011"/>
  <testcase classname="com.tdd.tddkata.kata.tddroverkata.RoverTest" name="[1] RMMMMM, 5:0:E (move_right)" time="0.001"/>
  <testcase classname="com.tdd.tddkata.kata.tddroverkata.RoverTest" name="[0] LLM, 0:9:S (move_south)" time="0"/>
  <testcase classname="com.tdd.tddkata.kata.tddroverkata.RoverTest" name="[1] LLMMMMM, 0:5:S (move_south)" time="0"/>
  <testcase classname="com.tdd.tddkata.kata.tddroverkata.RoverTest" name="[0] M, 0:1:N (moveUp)" time="0.001"/>
  <testcase classname="com.tdd.tddkata.kata.tddroverkata.RoverTest" name="[1] MMM, 0:3:N (moveUp)" time="0"/>
  <testcase classname="com.tdd.tddkata.kata.tddroverkata.RoverTest" name="[0] MMMMMMMMMM, 0:0:N (wrap_from_top_to_bottom_when_moving_north)" time="0"/>
  <testcase classname="com.tdd.tddkata.kata.tddroverkata.RoverTest" name="[1] MMMMMMMMMMMMMMM, 0:5:N (wrap_from_top_to_bottom_when_moving_north)" time="0"/>
  <testcase classname="com.tdd.tddkata.kata.tddroverkata.RoverTest" name="[0] LM, 9:0:W (move_left)" time="0"/>
  <testcase classname="com.tdd.tddkata.kata.tddroverkata.RoverTest" name="[1] LMMMMM, 5:0:W (move_left)" time="0"/>
  <testcase classname="com.tdd.tddkata.kata.tddroverkata.RoverTest" name="[0] L, 0:0:W (rotate_left)" time="0"/>
  <testcase classname="com.tdd.tddkata.kata.tddroverkata.RoverTest" name="[1] LL, 0:0:S (rotate_left)" time="0"/>
  <testcase classname="com.tdd.tddkata.kata.tddroverkata.RoverTest" name="[2] LLL, 0:0:E (rotate_left)" time="0"/>
  <testcase classname="com.tdd.tddkata.kata.tddroverkata.RoverTest" name="[3] LLLL, 0:0:N (rotate_left)" time="0"/>
  <testcase classname="com.tdd.tddkata.kata.tddroverkata.RoverTest" name="[0] R, 0:0:E (rotate_right)" time="0"/>
  <testcase classname="com.tdd.tddkata.kata.tddroverkata.RoverTest" name="[1] RR, 0:0:S (rotate_right)" time="0.001"/>
  <testcase classname="com.tdd.tddkata.kata.tddroverkata.RoverTest" name="[2] RRR, 0:0:W (rotate_right)" time="0"/>
  <testcase classname="com.tdd.tddkata.kata.tddroverkata.RoverTest" name="[3] RRRR, 0:0:N (rotate_right)" time="0"/>
  <testcase classname="com.tdd.tddkata.kata.tddroverkata.RoverTest" name="[0] RMMMMMMMMMM, 0:0:E (wrap_from_right_to_left_when_moving_easts)" time="0"/>
  <testcase classname="com.tdd.tddkata.kata.tddroverkata.RoverTest" name="[1] RMMMMMMMMMMMMMMM, 5:0:E (wrap_from_right_to_left_when_moving_easts)" time="0"/>
</testsuite>